{"contracts\\MediChain.sol":{"l":{"71":25,"72":24,"80":31,"81":31,"82":30,"90":21,"94":19,"105":13,"112":13,"113":13,"119":13,"131":32,"132":32,"134":31,"135":31,"137":31,"161":13,"162":13,"163":13,"165":13,"177":13,"193":6,"208":4,"217":21,"218":20,"219":20,"221":19,"222":19,"231":3,"232":3,"234":2,"235":2,"251":2,"252":2,"265":3,"266":2,"267":1,"269":1,"270":1,"279":2,"297":0,"299":0,"300":0,"302":0,"303":0,"304":0,"305":0,"309":0,"310":0,"311":0,"312":0,"313":0,"314":0,"318":0},"path":"C:\\Users\\Rahil hassan\\OneDrive\\Desktop\\Major project\\MediChain\\blockchain\\contracts\\MediChain.sol","s":{"1":25,"2":31,"3":31,"4":21,"5":13,"6":13,"7":13,"8":13,"9":32,"10":32,"11":31,"12":31,"13":13,"14":13,"15":13,"16":13,"17":13,"18":6,"19":4,"20":21,"21":20,"22":20,"23":19,"24":3,"25":3,"26":2,"27":2,"28":2,"29":3,"30":2,"31":1,"32":1,"33":2,"34":0,"35":0,"36":0,"37":0,"38":0,"39":0,"40":0,"41":0,"42":0,"43":0,"44":0},"b":{"1":[24,1],"2":[31,0],"3":[30,1],"4":[19,2],"5":[5,14],"6":[13,0],"7":[13,0],"8":[32,0],"9":[31,1],"10":[14,1],"11":[13,1],"12":[13,0],"13":[13,0],"14":[7,0],"15":[6,1],"16":[4,0],"17":[21,1],"18":[20,1],"19":[20,0],"20":[19,1],"21":[3,0],"22":[3,0],"23":[2,1],"24":[2,0],"25":[2,0],"26":[3,0],"27":[2,1],"28":[1,1],"29":[1,0],"30":[0,0],"31":[0,0],"32":[0,0],"33":[0,0]},"f":{"1":25,"2":31,"3":21,"4":13,"5":13,"6":32,"7":13,"8":6,"9":4,"10":21,"11":3,"12":2,"13":3,"14":2,"15":0},"fnMap":{"1":{"name":"onlyRegisteredPatient","line":70,"loc":{"start":{"line":70,"column":4},"end":{"line":73,"column":4}}},"2":{"name":"patientMustExist","line":79,"loc":{"start":{"line":79,"column":4},"end":{"line":83,"column":4}}},"3":{"name":"onlyAuthorizedDoctor","line":89,"loc":{"start":{"line":89,"column":4},"end":{"line":95,"column":4}}},"4":{"name":"_equals","line":104,"loc":{"start":{"line":104,"column":4},"end":{"line":106,"column":4}}},"5":{"name":"_requireValidRecordType","line":111,"loc":{"start":{"line":111,"column":4},"end":{"line":120,"column":4}}},"6":{"name":"registerPatient","line":130,"loc":{"start":{"line":130,"column":4},"end":{"line":138,"column":4}}},"7":{"name":"addMedicalRecord","line":159,"loc":{"start":{"line":150,"column":4},"end":{"line":178,"column":4}}},"8":{"name":"getMedicalRecords","line":190,"loc":{"start":{"line":186,"column":4},"end":{"line":194,"column":4}}},"9":{"name":"getRecordCount","line":205,"loc":{"start":{"line":202,"column":4},"end":{"line":209,"column":4}}},"10":{"name":"grantDoctorAccess","line":216,"loc":{"start":{"line":216,"column":4},"end":{"line":223,"column":4}}},"11":{"name":"revokeDoctorAccess","line":230,"loc":{"start":{"line":230,"column":4},"end":{"line":236,"column":4}}},"12":{"name":"hasAccess","line":248,"loc":{"start":{"line":245,"column":4},"end":{"line":253,"column":4}}},"13":{"name":"deactivateRecord","line":263,"loc":{"start":{"line":261,"column":4},"end":{"line":271,"column":4}}},"14":{"name":"getAllPatients","line":278,"loc":{"start":{"line":278,"column":4},"end":{"line":280,"column":4}}},"15":{"name":"getPatientRecordsByType","line":294,"loc":{"start":{"line":290,"column":4},"end":{"line":319,"column":4}}}},"statementMap":{"1":{"start":{"line":71,"column":8},"end":{"line":71,"column":89}},"2":{"start":{"line":80,"column":8},"end":{"line":80,"column":79}},"3":{"start":{"line":81,"column":8},"end":{"line":81,"column":81}},"4":{"start":{"line":90,"column":8},"end":{"line":90,"column":3658}},"5":{"start":{"line":105,"column":8},"end":{"line":105,"column":57}},"6":{"start":{"line":112,"column":8},"end":{"line":112,"column":81}},"7":{"start":{"line":113,"column":8},"end":{"line":113,"column":4590}},"8":{"start":{"line":119,"column":8},"end":{"line":119,"column":51}},"9":{"start":{"line":131,"column":8},"end":{"line":131,"column":69}},"10":{"start":{"line":132,"column":8},"end":{"line":132,"column":82}},"11":{"start":{"line":135,"column":8},"end":{"line":135,"column":35}},"12":{"start":{"line":137,"column":8},"end":{"line":137,"column":59}},"13":{"start":{"line":161,"column":8},"end":{"line":161,"column":75}},"14":{"start":{"line":162,"column":8},"end":{"line":162,"column":75}},"15":{"start":{"line":163,"column":8},"end":{"line":163,"column":42}},"16":{"start":{"line":165,"column":8},"end":{"line":165,"column":6695}},"17":{"start":{"line":177,"column":8},"end":{"line":177,"column":87}},"18":{"start":{"line":193,"column":8},"end":{"line":193,"column":42}},"19":{"start":{"line":208,"column":8},"end":{"line":208,"column":49}},"20":{"start":{"line":217,"column":8},"end":{"line":217,"column":77}},"21":{"start":{"line":218,"column":8},"end":{"line":218,"column":82}},"22":{"start":{"line":219,"column":8},"end":{"line":219,"column":90}},"23":{"start":{"line":222,"column":8},"end":{"line":222,"column":73}},"24":{"start":{"line":231,"column":8},"end":{"line":231,"column":77}},"25":{"start":{"line":232,"column":8},"end":{"line":232,"column":88}},"26":{"start":{"line":235,"column":8},"end":{"line":235,"column":73}},"27":{"start":{"line":251,"column":8},"end":{"line":251,"column":77}},"28":{"start":{"line":252,"column":8},"end":{"line":252,"column":52}},"29":{"start":{"line":265,"column":8},"end":{"line":265,"column":95}},"30":{"start":{"line":266,"column":8},"end":{"line":266,"column":99}},"31":{"start":{"line":267,"column":8},"end":{"line":267,"column":97}},"32":{"start":{"line":270,"column":8},"end":{"line":270,"column":67}},"33":{"start":{"line":279,"column":8},"end":{"line":279,"column":26}},"34":{"start":{"line":297,"column":8},"end":{"line":297,"column":42}},"35":{"start":{"line":299,"column":8},"end":{"line":299,"column":65}},"36":{"start":{"line":300,"column":8},"end":{"line":300,"column":32}},"37":{"start":{"line":302,"column":8},"end":{"line":302,"column":30}},"38":{"start":{"line":303,"column":8},"end":{"line":303,"column":12188}},"39":{"start":{"line":304,"column":12},"end":{"line":304,"column":12240}},"40":{"start":{"line":309,"column":8},"end":{"line":309,"column":73}},"41":{"start":{"line":310,"column":8},"end":{"line":310,"column":21}},"42":{"start":{"line":311,"column":8},"end":{"line":311,"column":12462}},"43":{"start":{"line":312,"column":12},"end":{"line":312,"column":12514}},"44":{"start":{"line":318,"column":8},"end":{"line":318,"column":23}}},"branchMap":{"1":{"line":71,"type":"if","locations":[{"start":{"line":71,"column":8},"end":{"line":71,"column":8}},{"start":{"line":71,"column":8},"end":{"line":71,"column":8}}]},"2":{"line":80,"type":"if","locations":[{"start":{"line":80,"column":8},"end":{"line":80,"column":8}},{"start":{"line":80,"column":8},"end":{"line":80,"column":8}}]},"3":{"line":81,"type":"if","locations":[{"start":{"line":81,"column":8},"end":{"line":81,"column":8}},{"start":{"line":81,"column":8},"end":{"line":81,"column":8}}]},"4":{"line":90,"type":"if","locations":[{"start":{"line":90,"column":8},"end":{"line":90,"column":8}},{"start":{"line":90,"column":8},"end":{"line":90,"column":8}}]},"5":{"line":91,"type":"cond-expr","locations":[{"start":{"line":91,"column":12},"end":{"line":91,"column":36}},{"start":{"line":91,"column":41},"end":{"line":91,"column":77}}]},"6":{"line":112,"type":"if","locations":[{"start":{"line":112,"column":8},"end":{"line":112,"column":8}},{"start":{"line":112,"column":8},"end":{"line":112,"column":8}}]},"7":{"line":119,"type":"if","locations":[{"start":{"line":119,"column":8},"end":{"line":119,"column":8}},{"start":{"line":119,"column":8},"end":{"line":119,"column":8}}]},"8":{"line":131,"type":"if","locations":[{"start":{"line":131,"column":8},"end":{"line":131,"column":8}},{"start":{"line":131,"column":8},"end":{"line":131,"column":8}}]},"9":{"line":132,"type":"if","locations":[{"start":{"line":132,"column":8},"end":{"line":132,"column":8}},{"start":{"line":132,"column":8},"end":{"line":132,"column":8}}]},"10":{"line":158,"type":"if","locations":[{"start":{"line":158,"column":8},"end":{"line":158,"column":8}},{"start":{"line":158,"column":8},"end":{"line":158,"column":8}}]},"11":{"line":159,"type":"if","locations":[{"start":{"line":159,"column":8},"end":{"line":159,"column":8}},{"start":{"line":159,"column":8},"end":{"line":159,"column":8}}]},"12":{"line":161,"type":"if","locations":[{"start":{"line":161,"column":8},"end":{"line":161,"column":8}},{"start":{"line":161,"column":8},"end":{"line":161,"column":8}}]},"13":{"line":162,"type":"if","locations":[{"start":{"line":162,"column":8},"end":{"line":162,"column":8}},{"start":{"line":162,"column":8},"end":{"line":162,"column":8}}]},"14":{"line":189,"type":"if","locations":[{"start":{"line":189,"column":8},"end":{"line":189,"column":8}},{"start":{"line":189,"column":8},"end":{"line":189,"column":8}}]},"15":{"line":190,"type":"if","locations":[{"start":{"line":190,"column":8},"end":{"line":190,"column":8}},{"start":{"line":190,"column":8},"end":{"line":190,"column":8}}]},"16":{"line":205,"type":"if","locations":[{"start":{"line":205,"column":8},"end":{"line":205,"column":8}},{"start":{"line":205,"column":8},"end":{"line":205,"column":8}}]},"17":{"line":216,"type":"if","locations":[{"start":{"line":216,"column":60},"end":{"line":216,"column":60}},{"start":{"line":216,"column":60},"end":{"line":216,"column":60}}]},"18":{"line":217,"type":"if","locations":[{"start":{"line":217,"column":8},"end":{"line":217,"column":8}},{"start":{"line":217,"column":8},"end":{"line":217,"column":8}}]},"19":{"line":218,"type":"if","locations":[{"start":{"line":218,"column":8},"end":{"line":218,"column":8}},{"start":{"line":218,"column":8},"end":{"line":218,"column":8}}]},"20":{"line":219,"type":"if","locations":[{"start":{"line":219,"column":8},"end":{"line":219,"column":8}},{"start":{"line":219,"column":8},"end":{"line":219,"column":8}}]},"21":{"line":230,"type":"if","locations":[{"start":{"line":230,"column":61},"end":{"line":230,"column":61}},{"start":{"line":230,"column":61},"end":{"line":230,"column":61}}]},"22":{"line":231,"type":"if","locations":[{"start":{"line":231,"column":8},"end":{"line":231,"column":8}},{"start":{"line":231,"column":8},"end":{"line":231,"column":8}}]},"23":{"line":232,"type":"if","locations":[{"start":{"line":232,"column":8},"end":{"line":232,"column":8}},{"start":{"line":232,"column":8},"end":{"line":232,"column":8}}]},"24":{"line":248,"type":"if","locations":[{"start":{"line":248,"column":8},"end":{"line":248,"column":8}},{"start":{"line":248,"column":8},"end":{"line":248,"column":8}}]},"25":{"line":251,"type":"if","locations":[{"start":{"line":251,"column":8},"end":{"line":251,"column":8}},{"start":{"line":251,"column":8},"end":{"line":251,"column":8}}]},"26":{"line":263,"type":"if","locations":[{"start":{"line":263,"column":8},"end":{"line":263,"column":8}},{"start":{"line":263,"column":8},"end":{"line":263,"column":8}}]},"27":{"line":265,"type":"if","locations":[{"start":{"line":265,"column":8},"end":{"line":265,"column":8}},{"start":{"line":265,"column":8},"end":{"line":265,"column":8}}]},"28":{"line":266,"type":"if","locations":[{"start":{"line":266,"column":8},"end":{"line":266,"column":8}},{"start":{"line":266,"column":8},"end":{"line":266,"column":8}}]},"29":{"line":267,"type":"if","locations":[{"start":{"line":267,"column":8},"end":{"line":267,"column":8}},{"start":{"line":267,"column":8},"end":{"line":267,"column":8}}]},"30":{"line":293,"type":"if","locations":[{"start":{"line":293,"column":8},"end":{"line":293,"column":8}},{"start":{"line":293,"column":8},"end":{"line":293,"column":8}}]},"31":{"line":294,"type":"if","locations":[{"start":{"line":294,"column":8},"end":{"line":294,"column":8}},{"start":{"line":294,"column":8},"end":{"line":294,"column":8}}]},"32":{"line":304,"type":"if","locations":[{"start":{"line":304,"column":12},"end":{"line":304,"column":12}},{"start":{"line":304,"column":12},"end":{"line":304,"column":12}}]},"33":{"line":312,"type":"if","locations":[{"start":{"line":312,"column":12},"end":{"line":312,"column":12}},{"start":{"line":312,"column":12},"end":{"line":312,"column":12}}]}}}}